<?xml version="1.0" encoding="UTF-8"?><testsuites failures="5" name="dependency-check" tests="18"><testsuite failures="0" errors="0" time="0" id="0" name="C:\Users\frixi\.m2\repository\org\netbeans\external\AbsoluteLayout\RELEASE160\AbsoluteLayout-RELEASE160.jar" package="AbsoluteLayout-RELEASE160.jar" skipped="0" tests="1" timestamp="2025-11-26T23:38:21.0939828"><testcase classname="dependency-check" name="AbsoluteLayout-RELEASE160.jar"/></testsuite><testsuite failures="0" errors="0" time="0" id="1" name="C:\Users\frixi\.m2\repository\com\github\lgooddatepicker\LGoodDatePicker\11.2.1\LGoodDatePicker-11.2.1.jar" package="LGoodDatePicker-11.2.1.jar" skipped="0" tests="1" timestamp="2025-11-26T23:38:21.0939828"><testcase classname="dependency-check" name="LGoodDatePicker-11.2.1.jar"/></testsuite><testsuite failures="0" errors="0" time="0" id="2" name="C:\Users\frixi\.m2\repository\com\zaxxer\SparseBitSet\1.2\SparseBitSet-1.2.jar" package="SparseBitSet-1.2.jar" skipped="0" tests="1" timestamp="2025-11-26T23:38:21.0939828"><testcase classname="dependency-check" name="SparseBitSet-1.2.jar"/></testsuite><testsuite failures="0" errors="0" time="0" id="3" name="C:\Users\frixi\.m2\repository\commons-codec\commons-codec\1.15\commons-codec-1.15.jar" package="commons-codec-1.15.jar" skipped="0" tests="1" timestamp="2025-11-26T23:38:21.0939828"><testcase classname="dependency-check" name="commons-codec-1.15.jar"/></testsuite><testsuite failures="0" errors="0" time="0" id="4" name="C:\Users\frixi\.m2\repository\org\apache\commons\commons-collections4\4.4\commons-collections4-4.4.jar" package="commons-collections4-4.4.jar" skipped="0" tests="1" timestamp="2025-11-26T23:38:21.0939828"><testcase classname="dependency-check" name="commons-collections4-4.4.jar"/></testsuite><testsuite failures="2" errors="0" time="0" id="5" name="C:\Users\frixi\.m2\repository\org\apache\commons\commons-compress\1.21\commons-compress-1.21.jar" package="commons-compress-1.21.jar" skipped="0" tests="2" timestamp="2025-11-26T23:38:21.0939828"><testcase classname="CVE-2024-25710" name="pkg:maven/org.apache.commons/commons-compress@1.21"><failure message="cvssV3: MEDIUM, score: 5.5 (CVSS:3.1/AV:L/AC:L/PR:N/UI:R/S:U/C:N/I:N/A:H/E:1.8/RC:R/MAV:A)"/><system-out>Loop with Unreachable Exit Condition (&apos;Infinite Loop&apos;) vulnerability in Apache Commons Compress.This issue affects Apache Commons Compress: from 1.3 through 1.25.0.

Users are recommended to upgrade to version 1.26.0 which fixes the issue.</system-out><system-err>location: C:\Users\frixi\.m2\repository\org\apache\commons\commons-compress\1.21\commons-compress-1.21.jar, project-references: [ ProjectoFinalPOO:compile ]</system-err></testcase><testcase classname="CVE-2024-26308" name="pkg:maven/org.apache.commons/commons-compress@1.21"><failure message="cvssV3: MEDIUM, score: 5.5 (CVSS:3.1/AV:L/AC:L/PR:N/UI:R/S:U/C:N/I:N/A:H/E:1.8/RC:R/MAV:A)"/><system-out>Allocation of Resources Without Limits or Throttling vulnerability in Apache Commons Compress.This issue affects Apache Commons Compress: from 1.21 before 1.26.

Users are recommended to upgrade to version 1.26, which fixes the issue.</system-out><system-err>location: C:\Users\frixi\.m2\repository\org\apache\commons\commons-compress\1.21\commons-compress-1.21.jar, project-references: [ ProjectoFinalPOO:compile ]</system-err></testcase></testsuite><testsuite failures="1" errors="0" time="0" id="6" name="C:\Users\frixi\.m2\repository\commons-io\commons-io\2.11.0\commons-io-2.11.0.jar" package="commons-io-2.11.0.jar" skipped="0" tests="1" timestamp="2025-11-26T23:38:21.0939828"><testcase classname="CVE-2024-47554" name="pkg:maven/commons-io/commons-io@2.11.0"><failure message="cvssV3: MEDIUM, score: 4.3 (CVSS:3.1/AV:N/AC:L/PR:N/UI:R/S:U/C:N/I:N/A:L/E:2.8/RC:R/MAV:A)"/><system-out>Uncontrolled Resource Consumption vulnerability in Apache Commons IO.

The org.apache.commons.io.input.XmlStreamReader class may excessively consume CPU resources when processing maliciously crafted input.


This issue affects Apache Commons IO: from 2.0 before 2.14.0.

Users are recommended to upgrade to version 2.14.0 or later, which fixes the issue.</system-out><system-err>location: C:\Users\frixi\.m2\repository\commons-io\commons-io\2.11.0\commons-io-2.11.0.jar, project-references: [ ProjectoFinalPOO:compile ]</system-err></testcase></testsuite><testsuite failures="0" errors="0" time="0" id="7" name="C:\Users\frixi\.m2\repository\commons-logging\commons-logging\1.2\commons-logging-1.2.jar" package="commons-logging-1.2.jar" skipped="0" tests="1" timestamp="2025-11-26T23:38:21.0939828"><testcase classname="dependency-check" name="commons-logging-1.2.jar"/></testsuite><testsuite failures="0" errors="0" time="0" id="8" name="C:\Users\frixi\.m2\repository\org\apache\commons\commons-math3\3.6.1\commons-math3-3.6.1.jar" package="commons-math3-3.6.1.jar" skipped="0" tests="1" timestamp="2025-11-26T23:38:21.0939828"><testcase classname="dependency-check" name="commons-math3-3.6.1.jar"/></testsuite><testsuite failures="0" errors="0" time="0" id="9" name="C:\Users\frixi\.m2\repository\com\github\virtuald\curvesapi\1.07\curvesapi-1.07.jar" package="curvesapi-1.07.jar" skipped="0" tests="1" timestamp="2025-11-26T23:38:21.0939828"><testcase classname="dependency-check" name="curvesapi-1.07.jar"/></testsuite><testsuite failures="0" errors="0" time="0" id="10" name="C:\Users\frixi\.m2\repository\com\formdev\flatlaf\3.5\flatlaf-3.5.jar\com\formdev\flatlaf\natives\flatlaf-windows-arm64.dll" package="flatlaf-3.5.jar: flatlaf-windows-arm64.dll" skipped="0" tests="1" timestamp="2025-11-26T23:38:21.0939828"><testcase classname="dependency-check" name="flatlaf-3.5.jar: flatlaf-windows-arm64.dll"/></testsuite><testsuite failures="0" errors="0" time="0" id="11" name="C:\Users\frixi\.m2\repository\com\formdev\flatlaf\3.5\flatlaf-3.5.jar\com\formdev\flatlaf\natives\flatlaf-windows-x86.dll" package="flatlaf-3.5.jar: flatlaf-windows-x86.dll" skipped="0" tests="1" timestamp="2025-11-26T23:38:21.0939828"><testcase classname="dependency-check" name="flatlaf-3.5.jar: flatlaf-windows-x86.dll"/></testsuite><testsuite failures="0" errors="0" time="0" id="12" name="C:\Users\frixi\.m2\repository\com\formdev\flatlaf\3.5\flatlaf-3.5.jar\com\formdev\flatlaf\natives\flatlaf-windows-x86_64.dll" package="flatlaf-3.5.jar: flatlaf-windows-x86_64.dll" skipped="0" tests="1" timestamp="2025-11-26T23:38:21.0939828"><testcase classname="dependency-check" name="flatlaf-3.5.jar: flatlaf-windows-x86_64.dll"/></testsuite><testsuite failures="0" errors="0" time="0" id="13" name="C:\Users\frixi\.m2\repository\com\formdev\flatlaf\3.5\flatlaf-3.5.jar" package="flatlaf-3.5.jar" skipped="0" tests="1" timestamp="2025-11-26T23:38:21.0939828"><testcase classname="dependency-check" name="flatlaf-3.5.jar"/></testsuite><testsuite failures="0" errors="0" time="0" id="14" name="C:\Users\frixi\.m2\repository\org\apache\pdfbox\fontbox\2.0.29\fontbox-2.0.29.jar" package="fontbox-2.0.29.jar" skipped="0" tests="1" timestamp="2025-11-26T23:38:21.0939828"><testcase classname="dependency-check" name="fontbox-2.0.29.jar"/></testsuite><testsuite failures="0" errors="0" time="0" id="15" name="C:\Users\frixi\.m2\repository\com\toedter\jcalendar\1.4\jcalendar-1.4.jar" package="jcalendar-1.4.jar" skipped="0" tests="1" timestamp="2025-11-26T23:38:21.0939828"><testcase classname="dependency-check" name="jcalendar-1.4.jar"/></testsuite><testsuite failures="0" errors="0" time="0" id="16" name="C:\Users\frixi\.m2\repository\org\apache\logging\log4j\log4j-api\2.18.0\log4j-api-2.18.0.jar" package="log4j-api-2.18.0.jar" skipped="0" tests="1" timestamp="2025-11-26T23:38:21.0939828"><testcase classname="dependency-check" name="log4j-api-2.18.0.jar"/></testsuite><testsuite failures="1" errors="0" time="0" id="17" name="C:\Users\frixi\.m2\repository\com\mysql\mysql-connector-j\8.0.33\mysql-connector-j-8.0.33.jar" package="mysql-connector-j-8.0.33.jar" skipped="0" tests="1" timestamp="2025-11-26T23:38:21.0939828"><testcase classname="CVE-2023-22102" name="pkg:maven/com.mysql/mysql-connector-j@8.0.33"><failure message="cvssV3: HIGH, score: 8.3 (CVSS:3.1/AV:N/AC:H/PR:N/UI:R/S:C/C:H/I:H/A:H/E:1.6/RC:R/MAV:A)"/><system-out>Vulnerability in the MySQL Connectors product of Oracle MySQL (component: Connector/J).  Supported versions that are affected are 8.1.0 and prior. Difficult to exploit vulnerability allows unauthenticated attacker with network access via multiple protocols to compromise MySQL Connectors.  Successful attacks require human interaction from a person other than the attacker and while the vulnerability is in MySQL Connectors, attacks may significantly impact additional products (scope change). Successful attacks of this vulnerability can result in takeover of MySQL Connectors. CVSS 3.1 Base Score 8.3 (Confidentiality, Integrity and Availability impacts).  CVSS Vector: (CVSS:3.1/AV:N/AC:H/PR:N/UI:R/S:C/C:H/I:H/A:H).</system-out><system-err>location: C:\Users\frixi\.m2\repository\com\mysql\mysql-connector-j\8.0.33\mysql-connector-j-8.0.33.jar, project-references: [ ProjectoFinalPOO:compile ]</system-err></testcase></testsuite><testsuite failures="0" errors="0" time="0" id="18" name="C:\Users\frixi\.m2\repository\org\apache\pdfbox\pdfbox\2.0.29\pdfbox-2.0.29.jar" package="pdfbox-2.0.29.jar" skipped="0" tests="1" timestamp="2025-11-26T23:38:21.0939828"><testcase classname="dependency-check" name="pdfbox-2.0.29.jar"/></testsuite><testsuite failures="0" errors="0" time="0" id="19" name="C:\Users\frixi\.m2\repository\org\apache\poi\poi\5.2.3\poi-5.2.3.jar" package="poi-5.2.3.jar" skipped="0" tests="1" timestamp="2025-11-26T23:38:21.0939828"><testcase classname="dependency-check" name="poi-5.2.3.jar"/></testsuite><testsuite failures="1" errors="0" time="0" id="20" name="C:\Users\frixi\.m2\repository\com\google\protobuf\protobuf-java\3.21.9\protobuf-java-3.21.9.jar" package="protobuf-java-3.21.9.jar" skipped="0" tests="1" timestamp="2025-11-26T23:38:21.0939828"><testcase classname="CVE-2024-7254" name="pkg:maven/com.google.protobuf/protobuf-java@3.21.9"><failure message="cvssV3: HIGH, score: 7.5 (CVSS:3.1/AV:N/AC:L/PR:N/UI:N/S:U/C:N/I:N/A:H/E:3.9/RC:R/MAV:A)"/><system-out>Any project that parses untrusted Protocol Buffers data containing an arbitrary number of nested groups / series of SGROUP tags can corrupted by exceeding the stack limit i.e. StackOverflow. Parsing nested groups as unknown fields with DiscardUnknownFieldsParser or Java Protobuf Lite parser, or against Protobuf map fields, creates unbounded recursions that can be abused by an attacker.</system-out><system-err>location: C:\Users\frixi\.m2\repository\com\google\protobuf\protobuf-java\3.21.9\protobuf-java-3.21.9.jar, project-references: [ ProjectoFinalPOO:compile ]</system-err></testcase></testsuite><testsuite failures="0" errors="0" time="0" id="21" name="C:\Users\frixi\.m2\repository\org\apache\xmlbeans\xmlbeans\5.1.1\xmlbeans-5.1.1.jar" package="xmlbeans-5.1.1.jar" skipped="0" tests="1" timestamp="2025-11-26T23:38:21.0939828"><testcase classname="dependency-check" name="xmlbeans-5.1.1.jar"/></testsuite></testsuites>